running egg_info
creating ../../build/imu_serial_node/imu_serial_node.egg-info
writing ../../build/imu_serial_node/imu_serial_node.egg-info/PKG-INFO
writing dependency_links to ../../build/imu_serial_node/imu_serial_node.egg-info/dependency_links.txt
writing entry points to ../../build/imu_serial_node/imu_serial_node.egg-info/entry_points.txt
writing requirements to ../../build/imu_serial_node/imu_serial_node.egg-info/requires.txt
writing top-level names to ../../build/imu_serial_node/imu_serial_node.egg-info/top_level.txt
writing manifest file '../../build/imu_serial_node/imu_serial_node.egg-info/SOURCES.txt'
reading manifest file '../../build/imu_serial_node/imu_serial_node.egg-info/SOURCES.txt'
writing manifest file '../../build/imu_serial_node/imu_serial_node.egg-info/SOURCES.txt'
running build
running build_py
creating /home/neh/IMU_SEN0386/build/imu_serial_node/build
creating /home/neh/IMU_SEN0386/build/imu_serial_node/build/lib
creating /home/neh/IMU_SEN0386/build/imu_serial_node/build/lib/imu_serial_node
copying imu_serial_node/imu_node.py -> /home/neh/IMU_SEN0386/build/imu_serial_node/build/lib/imu_serial_node
copying imu_serial_node/__init__.py -> /home/neh/IMU_SEN0386/build/imu_serial_node/build/lib/imu_serial_node
running install
running install_lib
creating /home/neh/IMU_SEN0386/install/imu_serial_node/lib/python3.10/site-packages/imu_serial_node
copying /home/neh/IMU_SEN0386/build/imu_serial_node/build/lib/imu_serial_node/imu_node.py -> /home/neh/IMU_SEN0386/install/imu_serial_node/lib/python3.10/site-packages/imu_serial_node
copying /home/neh/IMU_SEN0386/build/imu_serial_node/build/lib/imu_serial_node/__init__.py -> /home/neh/IMU_SEN0386/install/imu_serial_node/lib/python3.10/site-packages/imu_serial_node
byte-compiling /home/neh/IMU_SEN0386/install/imu_serial_node/lib/python3.10/site-packages/imu_serial_node/imu_node.py to imu_node.cpython-310.pyc
byte-compiling /home/neh/IMU_SEN0386/install/imu_serial_node/lib/python3.10/site-packages/imu_serial_node/__init__.py to __init__.cpython-310.pyc
running install_data
creating /home/neh/IMU_SEN0386/install/imu_serial_node/share/ament_index
creating /home/neh/IMU_SEN0386/install/imu_serial_node/share/ament_index/resource_index
creating /home/neh/IMU_SEN0386/install/imu_serial_node/share/ament_index/resource_index/packages
copying resource/imu_serial_node -> /home/neh/IMU_SEN0386/install/imu_serial_node/share/ament_index/resource_index/packages
copying package.xml -> /home/neh/IMU_SEN0386/install/imu_serial_node/share/imu_serial_node
creating /home/neh/IMU_SEN0386/install/imu_serial_node/share/imu_serial_node/launch
creating /home/neh/IMU_SEN0386/install/imu_serial_node/share/imu_serial_node/config
copying config/imu_params.yaml -> /home/neh/IMU_SEN0386/install/imu_serial_node/share/imu_serial_node/config
running install_egg_info
Copying ../../build/imu_serial_node/imu_serial_node.egg-info to /home/neh/IMU_SEN0386/install/imu_serial_node/lib/python3.10/site-packages/imu_serial_node-1.0.0-py3.10.egg-info
running install_scripts
Installing imu_node script to /home/neh/IMU_SEN0386/install/imu_serial_node/lib/imu_serial_node
writing list of installed files to '/home/neh/IMU_SEN0386/build/imu_serial_node/install.log'
