[0.591s] Invoking command in '/home/neh/IMU_SEN0386/src/imu_serial_node': PYTHONPATH=/home/neh/IMU_SEN0386/src/imu_serial_node/build/imu_serial_node/prefix_override:/usr/lib/python3/dist-packages/colcon_core/task/python/colcon_distutils_commands:/home/neh/IMU_SEN0386/src/imu_serial_node/install/imu_serial_node/lib/python3.10/site-packages:${PYTHONPATH} /usr/bin/python3 -W ignore:setup.py install is deprecated -W ignore:easy_install command is deprecated setup.py egg_info --egg-base build/imu_serial_node build --build-base /home/neh/IMU_SEN0386/src/imu_serial_node/build/imu_serial_node/build install --record /home/neh/IMU_SEN0386/src/imu_serial_node/build/imu_serial_node/install.log --single-version-externally-managed install_data
[0.805s] running egg_info
[0.806s] creating build/imu_serial_node/imu_serial_node.egg-info
[0.806s] writing build/imu_serial_node/imu_serial_node.egg-info/PKG-INFO
[0.806s] writing dependency_links to build/imu_serial_node/imu_serial_node.egg-info/dependency_links.txt
[0.806s] writing entry points to build/imu_serial_node/imu_serial_node.egg-info/entry_points.txt
[0.806s] writing requirements to build/imu_serial_node/imu_serial_node.egg-info/requires.txt
[0.807s] writing top-level names to build/imu_serial_node/imu_serial_node.egg-info/top_level.txt
[0.807s] writing manifest file 'build/imu_serial_node/imu_serial_node.egg-info/SOURCES.txt'
[0.808s] reading manifest file 'build/imu_serial_node/imu_serial_node.egg-info/SOURCES.txt'
[0.808s] writing manifest file 'build/imu_serial_node/imu_serial_node.egg-info/SOURCES.txt'
[0.808s] running build
[0.808s] running build_py
[0.808s] creating /home/neh/IMU_SEN0386/src/imu_serial_node/build/imu_serial_node/build
[0.809s] creating /home/neh/IMU_SEN0386/src/imu_serial_node/build/imu_serial_node/build/lib
[0.809s] creating /home/neh/IMU_SEN0386/src/imu_serial_node/build/imu_serial_node/build/lib/imu_serial_node
[0.809s] copying imu_serial_node/imu_node.py -> /home/neh/IMU_SEN0386/src/imu_serial_node/build/imu_serial_node/build/lib/imu_serial_node
[0.809s] copying imu_serial_node/__init__.py -> /home/neh/IMU_SEN0386/src/imu_serial_node/build/imu_serial_node/build/lib/imu_serial_node
[0.809s] running install
[0.809s] running install_lib
[0.810s] creating /home/neh/IMU_SEN0386/src/imu_serial_node/install/imu_serial_node/lib/python3.10/site-packages/imu_serial_node
[0.810s] copying /home/neh/IMU_SEN0386/src/imu_serial_node/build/imu_serial_node/build/lib/imu_serial_node/imu_node.py -> /home/neh/IMU_SEN0386/src/imu_serial_node/install/imu_serial_node/lib/python3.10/site-packages/imu_serial_node
[0.810s] copying /home/neh/IMU_SEN0386/src/imu_serial_node/build/imu_serial_node/build/lib/imu_serial_node/__init__.py -> /home/neh/IMU_SEN0386/src/imu_serial_node/install/imu_serial_node/lib/python3.10/site-packages/imu_serial_node
[0.810s] byte-compiling /home/neh/IMU_SEN0386/src/imu_serial_node/install/imu_serial_node/lib/python3.10/site-packages/imu_serial_node/imu_node.py to imu_node.cpython-310.pyc
[0.811s] byte-compiling /home/neh/IMU_SEN0386/src/imu_serial_node/install/imu_serial_node/lib/python3.10/site-packages/imu_serial_node/__init__.py to __init__.cpython-310.pyc
[0.811s] running install_data
[0.811s] creating /home/neh/IMU_SEN0386/src/imu_serial_node/install/imu_serial_node/share/ament_index
[0.812s] creating /home/neh/IMU_SEN0386/src/imu_serial_node/install/imu_serial_node/share/ament_index/resource_index
[0.812s] creating /home/neh/IMU_SEN0386/src/imu_serial_node/install/imu_serial_node/share/ament_index/resource_index/packages
[0.812s] copying resource/imu_serial_node -> /home/neh/IMU_SEN0386/src/imu_serial_node/install/imu_serial_node/share/ament_index/resource_index/packages
[0.812s] copying package.xml -> /home/neh/IMU_SEN0386/src/imu_serial_node/install/imu_serial_node/share/imu_serial_node
[0.812s] creating /home/neh/IMU_SEN0386/src/imu_serial_node/install/imu_serial_node/share/imu_serial_node/launch
[0.812s] copying launch/imu_multi.launch.py -> /home/neh/IMU_SEN0386/src/imu_serial_node/install/imu_serial_node/share/imu_serial_node/launch
[0.812s] creating /home/neh/IMU_SEN0386/src/imu_serial_node/install/imu_serial_node/share/imu_serial_node/config
[0.812s] copying config/imu_params.yaml -> /home/neh/IMU_SEN0386/src/imu_serial_node/install/imu_serial_node/share/imu_serial_node/config
[0.812s] running install_egg_info
[0.814s] Copying build/imu_serial_node/imu_serial_node.egg-info to /home/neh/IMU_SEN0386/src/imu_serial_node/install/imu_serial_node/lib/python3.10/site-packages/imu_serial_node-1.0.0-py3.10.egg-info
[0.815s] running install_scripts
[0.834s] Installing imu_node script to /home/neh/IMU_SEN0386/src/imu_serial_node/install/imu_serial_node/lib/imu_serial_node
[0.834s] writing list of installed files to '/home/neh/IMU_SEN0386/src/imu_serial_node/build/imu_serial_node/install.log'
[0.868s] Invoked command in '/home/neh/IMU_SEN0386/src/imu_serial_node' returned '0': PYTHONPATH=/home/neh/IMU_SEN0386/src/imu_serial_node/build/imu_serial_node/prefix_override:/usr/lib/python3/dist-packages/colcon_core/task/python/colcon_distutils_commands:/home/neh/IMU_SEN0386/src/imu_serial_node/install/imu_serial_node/lib/python3.10/site-packages:${PYTHONPATH} /usr/bin/python3 -W ignore:setup.py install is deprecated -W ignore:easy_install command is deprecated setup.py egg_info --egg-base build/imu_serial_node build --build-base /home/neh/IMU_SEN0386/src/imu_serial_node/build/imu_serial_node/build install --record /home/neh/IMU_SEN0386/src/imu_serial_node/build/imu_serial_node/install.log --single-version-externally-managed install_data
