[0.390s] Invoking command in '/home/neh/IMU_SEN0386/src/imu_serial_node': PYTHONPATH=/home/neh/IMU_SEN0386/build/imu_serial_node/prefix_override:/usr/lib/python3/dist-packages/colcon_core/task/python/colcon_distutils_commands:/home/neh/IMU_SEN0386/install/imu_serial_node/lib/python3.10/site-packages:${PYTHONPATH} /usr/bin/python3 -W ignore:setup.py install is deprecated -W ignore:easy_install command is deprecated setup.py egg_info --egg-base ../../build/imu_serial_node build --build-base /home/neh/IMU_SEN0386/build/imu_serial_node/build install --record /home/neh/IMU_SEN0386/build/imu_serial_node/install.log --single-version-externally-managed install_data
[0.535s] running egg_info
[0.535s] writing ../../build/imu_serial_node/imu_serial_node.egg-info/PKG-INFO
[0.536s] writing dependency_links to ../../build/imu_serial_node/imu_serial_node.egg-info/dependency_links.txt
[0.536s] writing entry points to ../../build/imu_serial_node/imu_serial_node.egg-info/entry_points.txt
[0.536s] writing requirements to ../../build/imu_serial_node/imu_serial_node.egg-info/requires.txt
[0.536s] writing top-level names to ../../build/imu_serial_node/imu_serial_node.egg-info/top_level.txt
[0.537s] reading manifest file '../../build/imu_serial_node/imu_serial_node.egg-info/SOURCES.txt'
[0.537s] writing manifest file '../../build/imu_serial_node/imu_serial_node.egg-info/SOURCES.txt'
[0.537s] running build
[0.537s] running build_py
[0.537s] running install
[0.538s] running install_lib
[0.538s] running install_data
[0.538s] running install_egg_info
[0.539s] removing '/home/neh/IMU_SEN0386/install/imu_serial_node/lib/python3.10/site-packages/imu_serial_node-1.0.0-py3.10.egg-info' (and everything under it)
[0.540s] Copying ../../build/imu_serial_node/imu_serial_node.egg-info to /home/neh/IMU_SEN0386/install/imu_serial_node/lib/python3.10/site-packages/imu_serial_node-1.0.0-py3.10.egg-info
[0.540s] running install_scripts
[0.554s] Installing imu_node script to /home/neh/IMU_SEN0386/install/imu_serial_node/lib/imu_serial_node
[0.554s] writing list of installed files to '/home/neh/IMU_SEN0386/build/imu_serial_node/install.log'
[0.569s] Invoked command in '/home/neh/IMU_SEN0386/src/imu_serial_node' returned '0': PYTHONPATH=/home/neh/IMU_SEN0386/build/imu_serial_node/prefix_override:/usr/lib/python3/dist-packages/colcon_core/task/python/colcon_distutils_commands:/home/neh/IMU_SEN0386/install/imu_serial_node/lib/python3.10/site-packages:${PYTHONPATH} /usr/bin/python3 -W ignore:setup.py install is deprecated -W ignore:easy_install command is deprecated setup.py egg_info --egg-base ../../build/imu_serial_node build --build-base /home/neh/IMU_SEN0386/build/imu_serial_node/build install --record /home/neh/IMU_SEN0386/build/imu_serial_node/install.log --single-version-externally-managed install_data
